<?xml version="1.0" encoding="UTF-8"?>
<testsuite name="com.welyab.ankobachen.FenTest" tests="93" skipped="0" failures="0" errors="0" timestamp="2021-10-14T01:14:09" hostname="WELYAB-G5" time="0.186">
  <properties/>
  <testcase name="[1] rnbqkbnr/pp3ppp/8/1Pppp3/4P3/8/P1PP1PPP/RNBQKBNR w KQkq - 0 4" classname="com.welyab.ankobachen.FenTest" time="0.001"/>
  <testcase name="[2] rn1qkb1r/pp3ppp/5n2/1P1pp3/2pPP1b1/5NP1/P1P2PBP/RNBQK2R b KQkq" classname="com.welyab.ankobachen.FenTest" time="0.0"/>
  <testcase name="[3] rnbqkbnr/pp3ppp/8/1Pppp3/4P3/8/P1PP1PPP/RNBQKBNR w KQkq - 0 -" classname="com.welyab.ankobachen.FenTest" time="0.001"/>
  <testcase name="[4] rn1qkb1r/pp3ppp/5n2/1P1pp3/2pPP1b1/5NP1/P1P2PBP/RNBQK2R b KQkq -" classname="com.welyab.ankobachen.FenTest" time="0.001"/>
  <testcase name="[5] rnbqkbnr/pp3ppp/8/1Pppp3/4P3/8/P1PP1PPP/RNBQKBNR w KQkq" classname="com.welyab.ankobachen.FenTest" time="0.0"/>
  <testcase name="[6] rn1qkb1r/pp3ppp/5n2/1P1pp3/2pPP1b1/5NP1/P1P2PBP/RNBQK2R b" classname="com.welyab.ankobachen.FenTest" time="0.001"/>
  <testcase name="[1] rnbqkbnr/pp3ppp/8/1Pppp3/4P3/8/P1PP1PPP/RNBQKBNR w KQkq c9 0 4" classname="com.welyab.ankobachen.FenTest" time="0.002"/>
  <testcase name="[2] rn1qkb1r/pp3ppp/5n2/1P1pp3/2pPP1b1/5NP1/P1P2PBP/RNBQK2R b KQkq 08 0 7" classname="com.welyab.ankobachen.FenTest" time="0.001"/>
  <testcase name="[3] rnbqkbnr/pp3ppp/8/1Pppp3/4P3/8/P1PP1PPP/RNBQKBNR w KQkq h0 0 -" classname="com.welyab.ankobachen.FenTest" time="0.001"/>
  <testcase name="[4] rn1qkb1r/pp3ppp/5n2/1P1pp3/2pPP1b1/5NP1/P1P2PBP/RNBQK2R b KQkq 00" classname="com.welyab.ankobachen.FenTest" time="0.001"/>
  <testcase name="[5] rnbqkbnr/pp3ppp/8/1Pppp3/4P3/8/P1PP1PPP/RNBQKBNR w KQkq --" classname="com.welyab.ankobachen.FenTest" time="0.0"/>
  <testcase name="[6] rnbqkbnr/pp3ppp/8/1Pppp3/4P3/8/P1PP1PPP/RNBQKBNR w KQkq -- 0 4" classname="com.welyab.ankobachen.FenTest" time="0.0"/>
  <testcase name="[1] rnbqkbnr/pppppppp/8/8/8/8/PPPPPPPP/RNBQKBNR w kK - 0 1" classname="com.welyab.ankobachen.FenTest" time="0.0"/>
  <testcase name="[2] r1b4r/ppp2ppp/3k1n2/2b1p1B1/2Pn4/2NK1N2/PP1Q1PBP/R6R b x - 5 11" classname="com.welyab.ankobachen.FenTest" time="0.0"/>
  <testcase name="[3] r1b4r/p1p3pp/3k4/2bn1pB1/1pPNpP2/P1N4P/1PKQ2B1/R6R b -- f3 0 16" classname="com.welyab.ankobachen.FenTest" time="0.0"/>
  <testcase name="[4] rnbqkbnr/pppppppp/8/8/8/8/PPPPPPPP/RNBQKBNR w KQkkq - 0 -" classname="com.welyab.ankobachen.FenTest" time="0.0"/>
  <testcase name="[5] r1b4r/ppp2ppp/3k1n2/2b1p1B1/2Pn4/2NK1N2/PP1Q1PBP/R6R b 15 - 5" classname="com.welyab.ankobachen.FenTest" time="0.0"/>
  <testcase name="[6] r1b4r/p1p3pp/3k4/2bn1pB1/1pPNpP2/P1N4P/1PKQ2B1/R6R b 9" classname="com.welyab.ankobachen.FenTest" time="0.0"/>
  <testcase name="[7] rnbqkbnr/pppppppp/8/8/8/8/PPPPPPPP/RNBQKBNR w Kk1q - 0 1" classname="com.welyab.ankobachen.FenTest" time="0.001"/>
  <testcase name="[8] rnbqkbnr/pppppppp/8/8/8/8/PPPPPPPP/RNBQKBNR w KK - 0 -" classname="com.welyab.ankobachen.FenTest" time="0.0"/>
  <testcase name="[1] w KQkq - 0 1" classname="com.welyab.ankobachen.FenTest" time="0.002"/>
  <testcase name="[2] rbqkbnr/pppppppp/8/8/8/8/PPPPPPPP/RNBQKBNR w KQkq - 0 1" classname="com.welyab.ankobachen.FenTest" time="0.001"/>
  <testcase name="[3] rn1qkb1r/pbpp1p1p/1p0np1/4p3/4P3/6P1/PPPPNPBP/RNBQ1RK1 w kq - 2 6" classname="com.welyab.ankobachen.FenTest" time="0.001"/>
  <testcase name="[4] rn1qkb1r/pbpp1p1p/1x3np1/4p3/4P3/6P1/PPPPNPBP/RNBQ1RK1 w kq - 2 6" classname="com.welyab.ankobachen.FenTest" time="0.0"/>
  <testcase name="[5] 2kr1b1r/pbppqp1p/1pn2np1/4p3/4P3/1PN3P1/PBPPNPBP/RQ1RK1 w - - 5 9" classname="com.welyab.ankobachen.FenTest" time="0.0"/>
  <testcase name="[6] rnbqkbnr/pppppppp/8/8/8/8/RNBQKBNR w KQkq - 0 1" classname="com.welyab.ankobachen.FenTest" time="0.0"/>
  <testcase name="[1] rnbqkbnr/pppppppp/8/8/8/8/PPPPPPPP/RNBQKBNR w KQkq - x 1" classname="com.welyab.ankobachen.FenTest" time="0.001"/>
  <testcase name="[2] r1b4r/ppp2ppp/3k1n2/2b1p1B1/2Pn4/2NK1N2/PP1Q1PBP/R6R b - - 5! 11" classname="com.welyab.ankobachen.FenTest" time="0.0"/>
  <testcase name="[3] r1b4r/p1p3pp/3k4/2bn1pB1/1pPNpP2/P1N4P/1PKQ2B1/R6R b - f3 -- 16" classname="com.welyab.ankobachen.FenTest" time="0.0"/>
  <testcase name="[4] rnbqkbnr/pppppppp/8/8/8/8/PPPPPPPP/RNBQKBNR w KQkq - 99999999999999999999999 -" classname="com.welyab.ankobachen.FenTest" time="0.0"/>
  <testcase name="[5] r1b4r/ppp2ppp/3k1n2/2b1p1B1/2Pn4/2NK1N2/PP1Q1PBP/R6R b - - 5x" classname="com.welyab.ankobachen.FenTest" time="0.001"/>
  <testcase name="[6] rnbqkbnr/pppppppp/8/8/8/8/PPPPPPPP/RNBQKBNR w KQkq - -9" classname="com.welyab.ankobachen.FenTest" time="0.001"/>
  <testcase name="[7] r1b4r/ppp2ppp/3k1n2/2b1p1B1/2Pn4/2NK1N2/PP1Q1PBP/R6R b - - _-" classname="com.welyab.ankobachen.FenTest" time="0.0"/>
  <testcase name="[1] rnbqkbnr/pppppppp/8/8/8/8/PPPPPPPP/RNBQKBNR w KQkq - 0 1, 0" classname="com.welyab.ankobachen.FenTest" time="0.0"/>
  <testcase name="[2] r1b4r/ppp2ppp/3k1n2/2b1p1B1/2Pn4/2NK1N2/PP1Q1PBP/R6R b - - 5 11, 5" classname="com.welyab.ankobachen.FenTest" time="0.001"/>
  <testcase name="[3] r1b4r/p1p3pp/3k4/2bn1pB1/1pPNpP2/P1N4P/1PKQ2B1/R6R b - f3 0 16, 0" classname="com.welyab.ankobachen.FenTest" time="0.001"/>
  <testcase name="[4] rnbqkbnr/pppppppp/8/8/8/8/PPPPPPPP/RNBQKBNR w KQkq - 0 -, 0" classname="com.welyab.ankobachen.FenTest" time="0.001"/>
  <testcase name="[5] r1b4r/ppp2ppp/3k1n2/2b1p1B1/2Pn4/2NK1N2/PP1Q1PBP/R6R b - - 5, 5" classname="com.welyab.ankobachen.FenTest" time="0.001"/>
  <testcase name="[6] rnbqkbnr/pppppppp/8/8/8/8/PPPPPPPP/RNBQKBNR w KQkq - 0, 0" classname="com.welyab.ankobachen.FenTest" time="0.0"/>
  <testcase name="[7] r1b4r/ppp2ppp/3k1n2/2b1p1B1/2Pn4/2NK1N2/PP1Q1PBP/R6R b - - -, 0" classname="com.welyab.ankobachen.FenTest" time="0.0"/>
  <testcase name="[8] r1b4r/ppp2ppp/3k1n2/2b1p1B1/2Pn4/2NK1N2/PP1Q1PBP/R6R b, 0" classname="com.welyab.ankobachen.FenTest" time="0.001"/>
  <testcase name="[9] r1b4r/ppp2ppp/3k1n2/2b1p1B1/2Pn4/2NK1N2/PP1Q1PBP/R6R b - -, 0" classname="com.welyab.ankobachen.FenTest" time="0.0"/>
  <testcase name="[1] rnbqkbnr/pppppppp/8/8/8/8/PPPPPPPP/RNBQKBNR w KQkq - 0 1, 1" classname="com.welyab.ankobachen.FenTest" time="0.001"/>
  <testcase name="[2] r1b4r/ppp2ppp/3k1n2/2b1p1B1/2Pn4/2NK1N2/PP1Q1PBP/R6R b - - 5 11, 11" classname="com.welyab.ankobachen.FenTest" time="0.0"/>
  <testcase name="[3] r1b4r/p1p3pp/3k4/2bn1pB1/1pPNpP2/P1N4P/1PKQ2B1/R6R b - f3 0 16, 16" classname="com.welyab.ankobachen.FenTest" time="0.0"/>
  <testcase name="[4] rnbqkbnr/pppppppp/8/8/8/8/PPPPPPPP/RNBQKBNR w KQkq - 0 -, 1" classname="com.welyab.ankobachen.FenTest" time="0.0"/>
  <testcase name="[5] r1b4r/ppp2ppp/3k1n2/2b1p1B1/2Pn4/2NK1N2/PP1Q1PBP/R6R b - - 5, 1" classname="com.welyab.ankobachen.FenTest" time="0.0"/>
  <testcase name="[6] r1b4r/p1p3pp/3k4/2bn1pB1/1pPNpP2/P1N4P/1PKQ2B1/R6R b -, 1" classname="com.welyab.ankobachen.FenTest" time="0.0"/>
  <testcase name="[7] rnbqkbnr/pppppppp/8/8/8/8/PPPPPPPP/RNBQKBNR w, 1" classname="com.welyab.ankobachen.FenTest" time="0.0"/>
  <testcase name="[1] rnbqkbnr/pppppppp/8/8/8/8/PPPPPPPP/RNBQKBNR w KQkq - 0 1, H1, A1, H8, A8" classname="com.welyab.ankobachen.FenTest" time="0.002"/>
  <testcase name="[2] r1b4r/ppp2ppp/3k1n2/2b1p1B1/2Pn4/2NK1N2/PP1Q1PBP/R6R b - - 5 11, null, null, null, null" classname="com.welyab.ankobachen.FenTest" time="0.002"/>
  <testcase name="[3] r1b4r/p1p3pp/3k4/2bn1pB1/1pPNpP2/P1N4P/1PKQ2B1/R6R b - f3 0 16, null, null, null, null" classname="com.welyab.ankobachen.FenTest" time="0.002"/>
  <testcase name="[4] rnbqkbnr/pppppppp/8/8/8/8/PPPPPPPP/RNBQKBNR w KQkq - 0 -, H1, A1, H8, A8" classname="com.welyab.ankobachen.FenTest" time="0.001"/>
  <testcase name="[5] r1b4r/ppp2ppp/3k1n2/2b1p1B1/2Pn4/2NK1N2/PP1Q1PBP/R6R b - - 5, null, null, null, null" classname="com.welyab.ankobachen.FenTest" time="0.001"/>
  <testcase name="[6] r1b4r/p1p3pp/3k4/2bn1pB1/1pPNpP2/P1N4P/1PKQ2B1/R6R b -, null, null, null, null" classname="com.welyab.ankobachen.FenTest" time="0.003"/>
  <testcase name="[7] rnbqkbnr/pppppppp/8/8/8/8/PPPPPPPP/RNBQKBNR w, null, null, null, null" classname="com.welyab.ankobachen.FenTest" time="0.001"/>
  <testcase name="[8] rnbqkbnr/pppppppp/8/8/8/8/PPPPPPPP/RNBQKBNR w Kkq - 0 1, H1, null, H8, A8" classname="com.welyab.ankobachen.FenTest" time="0.001"/>
  <testcase name="[9] rnbqkbnr/pppppppp/8/8/8/8/PPPPPPPP/RNBQKBNR w KQq - 0 -, H1, A1, null, A8" classname="com.welyab.ankobachen.FenTest" time="0.001"/>
  <testcase name="[10] r1b4r/ppp2ppp/3k1n2/2b1p1B1/2Pn4/2NK1N2/PP1Q1PBP/R6R b KQ - 5 11, null, null, null, null" classname="com.welyab.ankobachen.FenTest" time="0.001"/>
  <testcase name="[11] r1b4r/ppp2ppp/3k1n2/2b1p1B1/2Pn4/2NK1N2/PP1Q1PBP/R6R b kq - 5 11, null, null, null, null" classname="com.welyab.ankobachen.FenTest" time="0.001"/>
  <testcase name="[12] r1b4r/p1p3pp/3k4/2bn1pB1/1pPNpP2/P1N4P/1PKQ2B1/R6R b Kq, null, null, null, null" classname="com.welyab.ankobachen.FenTest" time="0.001"/>
  <testcase name="[13] 1rkqrbn1/pp1b1ppp/2n1p3/2pp4/2PP4/2N5/PP2PPPP/Q1BRKBRN w KQkq - 0 4, G1, D1, E8, B8" classname="com.welyab.ankobachen.FenTest" time="0.002"/>
  <testcase name="[14] r1nqnbkr/1p1b1ppp/1p2p3/2pp4/2PP4/2N1B3/PP1QPPPP/RKR2B1N w KQkq - 0 4, C1, A1, H8, A8" classname="com.welyab.ankobachen.FenTest" time="0.002"/>
  <testcase name="[15] 1rkn1bnr/pppppppp/3q4/8/3P4/1B2P3/PPPBQPPP/1NKRN2R w KQkq - 0 1, null, null, H8, B8" classname="com.welyab.ankobachen.FenTest" time="0.004"/>
  <testcase name="[16] 2knrbnr/pppppppp/3q4/8/3P4/1B1KP3/PPPBQPPP/RN2N2R w k - 0 1, null, null, null, null" classname="com.welyab.ankobachen.FenTest" time="0.002"/>
  <testcase name="[1] rnbqkbnr/pppppppp/8/8/8/8/PPPPPPPP/RNBQKBNR w KQkq - 0 1, w" classname="com.welyab.ankobachen.FenTest" time="0.0"/>
  <testcase name="[2] r1b4r/ppp2ppp/3k1n2/2b1p1B1/2Pn4/2NK1N2/PP1Q1PBP/R6R b - - 5 11, b" classname="com.welyab.ankobachen.FenTest" time="0.0"/>
  <testcase name="[3] r1b4r/p1p3pp/3k4/2bn1pB1/1pPNpP2/P1N4P/1PKQ2B1/R6R b - f3 0 16, b" classname="com.welyab.ankobachen.FenTest" time="0.001"/>
  <testcase name="[4] rnbqkbnr/pppppppp/8/8/8/8/PPPPPPPP/RNBQKBNR w KQkq - 0 -, w" classname="com.welyab.ankobachen.FenTest" time="0.0"/>
  <testcase name="[5] r1b4r/ppp2ppp/3k1n2/2b1p1B1/2Pn4/2NK1N2/PP1Q1PBP/R6R b - - 5, b" classname="com.welyab.ankobachen.FenTest" time="0.001"/>
  <testcase name="[6] rnbqkbnr/pppppppp/8/8/8/8/PPPPPPPP/RNBQKBNR w, w" classname="com.welyab.ankobachen.FenTest" time="0.0"/>
  <testcase name="[1] rnbqkbnr/pp3ppp/8/1Pppp3/4P3/8/P1PP1PPP/RNBQKBNR w KQkq c6 0 4, c6" classname="com.welyab.ankobachen.FenTest" time="0.0"/>
  <testcase name="[2] rn1qkb1r/pp3ppp/5n2/1P1pp3/2pPP1b1/5NP1/P1P2PBP/RNBQK2R b KQkq d3 0 7, d3" classname="com.welyab.ankobachen.FenTest" time="0.001"/>
  <testcase name="[3] rnbqkbnr/pp3ppp/8/1Pppp3/4P3/8/P1PP1PPP/RNBQKBNR w KQkq c6 0 -, c6" classname="com.welyab.ankobachen.FenTest" time="0.001"/>
  <testcase name="[4] rn1qkb1r/pp3ppp/5n2/1P1pp3/2pPP1b1/5NP1/P1P2PBP/RNBQK2R b KQkq d3, d3" classname="com.welyab.ankobachen.FenTest" time="0.001"/>
  <testcase name="[5] rnbqkbnr/pp3ppp/8/1Pppp3/4P3/8/P1PP1PPP/RNBQKBNR w KQkq c6, c6" classname="com.welyab.ankobachen.FenTest" time="0.001"/>
  <testcase name="[1] rnbqkbnr/pppppppp/8/8/8/8/PPPPPPPP/RNBQKBNR w KQkq - 0 x" classname="com.welyab.ankobachen.FenTest" time="0.002"/>
  <testcase name="[2] r1b4r/ppp2ppp/3k1n2/2b1p1B1/2Pn4/2NK1N2/PP1Q1PBP/R6R b - - 5 -11" classname="com.welyab.ankobachen.FenTest" time="0.001"/>
  <testcase name="[3] r1b4r/p1p3pp/3k4/2bn1pB1/1pPNpP2/P1N4P/1PKQ2B1/R6R b - f3 0 9999999999999999999999999" classname="com.welyab.ankobachen.FenTest" time="0.001"/>
  <testcase name="[4] rnbqkbnr/pppppppp/8/8/8/8/PPPPPPPP/RNBQKBNR w KQkq - 0 --" classname="com.welyab.ankobachen.FenTest" time="0.0"/>
  <testcase name="[5] r1b4r/ppp2ppp/3k1n2/2b1p1B1/2Pn4/2NK1N2/PP1Q1PBP/R6R b - - !5" classname="com.welyab.ankobachen.FenTest" time="0.001"/>
  <testcase name="[1] rnbqkbnr/pppppppp/8/8/8/8/PPPPPPPP/RNBQKBNR - KQkq - 0 1" classname="com.welyab.ankobachen.FenTest" time="0.001"/>
  <testcase name="[2] r1b4r/ppp2ppp/3k1n2/2b1p1B1/2Pn4/2NK1N2/PP1Q1PBP/R6R x - - 5 11" classname="com.welyab.ankobachen.FenTest" time="0.0"/>
  <testcase name="[3] r1b4r/p1p3pp/3k4/2bn1pB1/1pPNpP2/P1N4P/1PKQ2B1/R6R 0 - f3 0 16" classname="com.welyab.ankobachen.FenTest" time="0.001"/>
  <testcase name="[4] rnbqkbnr/pppppppp/8/8/8/8/PPPPPPPP/RNBQKBNR 1 KQkq - 0 -" classname="com.welyab.ankobachen.FenTest" time="0.001"/>
  <testcase name="[5] r1b4r/ppp2ppp/3k1n2/2b1p1B1/2Pn4/2NK1N2/PP1Q1PBP/R6R black - - 5" classname="com.welyab.ankobachen.FenTest" time="0.0"/>
  <testcase name="[6] rnbqkbnr/pppppppp/8/8/8/8/PPPPPPPP/RNBQKBNR white" classname="com.welyab.ankobachen.FenTest" time="0.0"/>
  <testcase name="[1] rnbqkbnr/pppppppp/8/8/8/8/PPPPPPPP/RNBQKBNR w KQkq - 0 1, a3, b4, c5, d6" classname="com.welyab.ankobachen.FenTest" time="0.002"/>
  <testcase name="[2] rn1qkb1r/pbpp1p1p/1p3np1/4p3/4P3/6P1/PPPPNPBP/RNBQ1RK1 w kq - 2 6, c8, e1, h1, g7" classname="com.welyab.ankobachen.FenTest" time="0.001"/>
  <testcase name="[3] 2kr1b1r/pbppqp1p/1pn2np1/4p3/4P3/1PN3P1/PBPPNPBP/R2Q1RK1 w - - 5 9, a8, c1, d5, d6" classname="com.welyab.ankobachen.FenTest" time="0.0"/>
  <testcase name="[1] rnbqkbnr/pppppppp/8/8/8/8/PPPPPPPP/RNBQKBNR w KQkq - 0 1, R, a1, P, e2, n, b8, k, e8" classname="com.welyab.ankobachen.FenTest" time="0.002"/>
  <testcase name="[2] rn1qkb1r/pbpp1p1p/1p3np1/4p3/4P3/6P1/PPPPNPBP/RNBQ1RK1 w kq - 2 6, P, e4, Q, d1, b, b7, n, f6" classname="com.welyab.ankobachen.FenTest" time="0.001"/>
  <testcase name="[3] 2kr1b1r/pbppqp1p/1pn2np1/4p3/4P3/1PN3P1/PBPPNPBP/R2Q1RK1 w - - 5 9, P, a2, K, g1, k, c8, q, e7" classname="com.welyab.ankobachen.FenTest" time="0.001"/>
  <system-out><![CDATA[]]></system-out>
  <system-err><![CDATA[]]></system-err>
</testsuite>
