<?xml version="1.0" encoding="UTF-8"?>
<testsuite name="com.welyab.ankobachen.CircularListTest" tests="4" skipped="0" failures="0" errors="0" timestamp="2021-06-28T00:38:03" hostname="WELYAB-G5" time="0.007">
  <properties/>
  <testcase name="[1] " classname="com.welyab.ankobachen.CircularListTest" time="0.005"/>
  <testcase name="[2] " classname="com.welyab.ankobachen.CircularListTest" time="0.0"/>
  <testcase name="[3] " classname="com.welyab.ankobachen.CircularListTest" time="0.0"/>
  <testcase name="[4] " classname="com.welyab.ankobachen.CircularListTest" time="0.0"/>
  <system-out><![CDATA[]]></system-out>
  <system-err><![CDATA[]]></system-err>
</testsuite>
