<?xml version="1.0" encoding="UTF-8"?>
<testsuite name="com.welyab.ankobachen.BoardTest" tests="34" skipped="0" failures="0" errors="0" timestamp="2021-10-14T01:14:07" hostname="WELYAB-G5" time="1.887">
  <properties/>
  <testcase name="assert toBitboardString is working()" classname="com.welyab.ankobachen.BoardTest" time="1.832"/>
  <testcase name="assert toString is working with FEN information()" classname="com.welyab.ankobachen.BoardTest" time="0.003"/>
  <testcase name="getPiece should return all pieces types in the right location()" classname="com.welyab.ankobachen.BoardTest" time="0.001"/>
  <testcase name="[1] r1b1kb1r/pppp1ppp/5q2/4n3/3KP3/2N3PN/PPP4P/R1BQ1B1R b kq - 0 12" classname="com.welyab.ankobachen.BoardTest" time="0.001"/>
  <testcase name="[2] r3k2r/ppp2Npp/1b5n/4p2b/2B1P2q/BQP2P2/P5PP/RN5K w kq - 0 1" classname="com.welyab.ankobachen.BoardTest" time="0.0"/>
  <testcase name="[3] r1b3kr/ppp1Bp1p/1b6/n2P4/2p3q1/2Q2N2/P4PPP/RN2R1K1 w - - 0 1" classname="com.welyab.ankobachen.BoardTest" time="0.0"/>
  <testcase name="[4] r2n1rk1/1ppb2pp/1p1p4/3Ppq1n/2B3P1/2P4P/PP1N1P1K/R2Q1RN1 b - - 0 1" classname="com.welyab.ankobachen.BoardTest" time="0.001"/>
  <testcase name="[5] 3q1r1k/2p4p/1p1pBrp1/p2Pp3/2PnP3/5PP1/PP1Q2K1/5R1R w - - 0 1" classname="com.welyab.ankobachen.BoardTest" time="0.0"/>
  <testcase name="[6] 6k1/ppp2ppp/8/2n2K1P/2P2P1P/2Bpr3/PP4r1/4RR2 b - - 0 1" classname="com.welyab.ankobachen.BoardTest" time="0.001"/>
  <testcase name="[7] rn3rk1/p5pp/2p5/3Ppb2/2q5/1Q6/PPPB2PP/R3K1NR b - - 0 1" classname="com.welyab.ankobachen.BoardTest" time="0.001"/>
  <testcase name="[8] N1bk4/pp1p1Qpp/8/2b5/3n3q/8/PPP2RPP/RNB1rBK1 b - - 0 1" classname="com.welyab.ankobachen.BoardTest" time="0.0"/>
  <testcase name="[9] 8/2p3N1/6p1/5PB1/pp2Rn2/7k/P1p2K1P/3r4 w - - 0 1" classname="com.welyab.ankobachen.BoardTest" time="0.001"/>
  <testcase name="[10] r1b1k1nr/p2p1ppp/n2B4/1p1NPN1P/6P1/3P1Q2/P1P1K3/q5b1 w - - 0 1" classname="com.welyab.ankobachen.BoardTest" time="0.0"/>
  <testcase name="[11] 1q2r3/k4p2/prQ2b1p/R7/1PP1B1p1/6P1/P5K1/8 w - - 0 1" classname="com.welyab.ankobachen.BoardTest" time="0.001"/>
  <testcase name="[12] r1bqr1k1/ppp2pp1/3p4/4n1NQ/2B1PN2/8/P4PPP/b4RK1 w - - 0 1" classname="com.welyab.ankobachen.BoardTest" time="0.0"/>
  <testcase name="[13] 3r4/pp5Q/B7/k7/3q4/2b5/P4PPP/1R4K1 w - - 0 1" classname="com.welyab.ankobachen.BoardTest" time="0.0"/>
  <testcase name="[14] rnbk1b1r/ppqpnQ1p/4p1p1/2p1N1B1/4N3/8/PPP2PPP/R3KB1R w - - 0 1" classname="com.welyab.ankobachen.BoardTest" time="0.0"/>
  <testcase name="[15] 3rnr1k/p1q1b1pB/1pb1p2p/2p1P3/2P2N2/PP4P1/1BQ4P/4RRK1 w - - 0 1" classname="com.welyab.ankobachen.BoardTest" time="0.001"/>
  <testcase name="[16] 8/Qp4pk/2p3b1/5p1p/3B3P/1P4P1/P1P1rnBK/3r4 b - - 0 1" classname="com.welyab.ankobachen.BoardTest" time="0.001"/>
  <testcase name="[17] k7/1p1rr1pp/pR1p1p2/Q1pq4/P7/8/2P3PP/1R4K1 w - - 0 1" classname="com.welyab.ankobachen.BoardTest" time="0.0"/>
  <testcase name="[18] 3r1rk1/p1p4p/8/1PP1p1bq/2P5/3N1Pp1/PB2Q3/1R3RK1 b - - 0 1" classname="com.welyab.ankobachen.BoardTest" time="0.001"/>
  <testcase name="[19] Q4R2/3kr3/1q3n1p/2p1p1p1/1p1bP1P1/1B1P3P/2PBK3/8 w - - 0 1" classname="com.welyab.ankobachen.BoardTest" time="0.0"/>
  <testcase name="[20] 2rrk3/QR3pp1/2n1b2p/1BB1q3/3P4/8/P4PPP/6K1 w - - 0 1" classname="com.welyab.ankobachen.BoardTest" time="0.001"/>
  <testcase name="[21] 7k/pbp3bp/3p4/1p5q/3n2p1/5rB1/PP1NrN1P/1Q1BRRK1 b - - 0 1" classname="com.welyab.ankobachen.BoardTest" time="0.0"/>
  <testcase name="[22] 3r4/pR2N3/2pkb3/5p2/8/2B5/qP3PPP/4R1K1 w - - 0 1" classname="com.welyab.ankobachen.BoardTest" time="0.0"/>
  <testcase name="[23] 5qrk/p3b1rp/4P2Q/5P2/1pp5/5PR1/P6P/B6K w - - 0 1" classname="com.welyab.ankobachen.BoardTest" time="0.001"/>
  <testcase name="[24] r1nk3r/2b2ppp/p3bq2/3pN3/Q2P4/B1NB4/P4PPP/4R1K1 w - - 0 1" classname="com.welyab.ankobachen.BoardTest" time="0.001"/>
  <testcase name="[25] r1n5/pp2q1kp/2ppr1p1/4p1Q1/8/2N4R/PPP3PP/5RK1 w - - 0 1" classname="com.welyab.ankobachen.BoardTest" time="0.0"/>
  <testcase name="assert toString is working()" classname="com.welyab.ankobachen.BoardTest" time="0.001"/>
  <testcase name="[1] r1b2r1k/4qp1p/p1Nppb1Q/4nP2/1p2P3/2N5/PPP4P/2KR1BR1 b - - 5 18, WHITE_KNIGHT, C6, BLACK_BISHOP, F6, WHITE_PAWN, A2" classname="com.welyab.ankobachen.BoardTest" time="0.001"/>
  <testcase name="Board(false) should create an empty board - no pieces placed()" classname="com.welyab.ankobachen.BoardTest" time="0.001"/>
  <testcase name="Board(true) should create a board with pieces in the initial position()" classname="com.welyab.ankobachen.BoardTest" time="0.001"/>
  <testcase name="[1] rnbqkbnr/pp3ppp/2p5/3pp3/4P3/5NP1/PPPP1PBP/RNBQK2R b KQkq - 1 4, A4, E2, C6, G2" classname="com.welyab.ankobachen.BoardTest" time="0.002"/>
  <testcase name="[1] rnbqkbnr/pp3ppp/2p5/3pp3/4P3/5NP1/PPPP1PBP/RNBQK2R b KQkq - 1 4, A4, E2, C6, G2" classname="com.welyab.ankobachen.BoardTest" time="0.001"/>
  <system-out><![CDATA[]]></system-out>
  <system-err><![CDATA[]]></system-err>
</testsuite>
