<?xml version="1.0" encoding="UTF-8"?>
<testsuite name="com.welyab.ankobachen.BoardTest" tests="2" skipped="0" failures="0" errors="0" timestamp="2024-06-12T17:49:41" hostname="WELYAB-G5" time="0.038">
  <properties/>
  <testcase name="board created with FEN string should place piece in proper places()" classname="com.welyab.ankobachen.BoardTest" time="0.031"/>
  <testcase name="default constructor should create a board with initial chess position()" classname="com.welyab.ankobachen.BoardTest" time="0.006"/>
  <system-out><![CDATA[]]></system-out>
  <system-err><![CDATA[]]></system-err>
</testsuite>
